[2025-07-27T16:31:14.514Z] [INFO] 🚀 Starting GGUF Loader website deployment simulation...
[2025-07-27T16:31:14.520Z] [INFO] 
🚀 Starting phase: Pre-deployment Tests
[2025-07-27T16:31:14.520Z] [INFO] Simulating comprehensive pre-deployment tests...
[2025-07-27T16:31:14.521Z] [INFO] Running: SEO validation tests
[2025-07-27T16:31:14.521Z] [INFO] Command: npm run test:seo
[2025-07-27T16:31:15.333Z] [INFO] ✅ SEO validation tests completed successfully
[2025-07-27T16:31:15.336Z] [INFO] Running: Accessibility compliance tests
[2025-07-27T16:31:15.340Z] [INFO] Command: npm run test:accessibility
[2025-07-27T16:31:16.552Z] [INFO] ✅ Accessibility compliance tests completed successfully
[2025-07-27T16:31:16.553Z] [INFO] Running: Mobile responsiveness tests
[2025-07-27T16:31:16.554Z] [INFO] Command: npm run test:mobile
[2025-07-27T16:31:17.469Z] [INFO] ✅ Mobile responsiveness tests completed successfully
[2025-07-27T16:31:17.471Z] [INFO] Running: Structured data validation
[2025-07-27T16:31:17.472Z] [INFO] Command: npm run test:structured-data
[2025-07-27T16:31:18.073Z] [INFO] ✅ Structured data validation completed successfully
[2025-07-27T16:31:18.076Z] [INFO] Running: Performance baseline tests
[2025-07-27T16:31:18.078Z] [INFO] Command: npm run test:performance
[2025-07-27T16:31:19.593Z] [INFO] ✅ Performance baseline tests completed successfully
[2025-07-27T16:31:19.594Z] [INFO] Security audit completed - no high severity vulnerabilities found
[2025-07-27T16:31:19.596Z] [INFO] Running: Jekyll build verification
[2025-07-27T16:31:19.597Z] [INFO] Command: jekyll build
[2025-07-27T16:31:21.602Z] [INFO] ✅ Jekyll build verification completed successfully
[2025-07-27T16:31:21.603Z] [INFO] ✅ All pre-deployment tests passed
[2025-07-27T16:31:21.604Z] [INFO] ✅ Phase completed: Pre-deployment Tests (7084ms)
[2025-07-27T16:31:21.604Z] [INFO] 
🚀 Starting phase: GitHub Pages Deployment
[2025-07-27T16:31:21.605Z] [INFO] Simulating GitHub Pages deployment...
[2025-07-27T16:31:21.605Z] [INFO] Verified deployment from main branch
[2025-07-27T16:31:21.605Z] [INFO] Working directory is clean
[2025-07-27T16:31:21.605Z] [INFO] Running: Push to main branch for deployment
[2025-07-27T16:31:21.606Z] [INFO] Command: git push origin main
[2025-07-27T16:31:24.614Z] [INFO] ✅ Push to main branch for deployment completed successfully
[2025-07-27T16:31:24.617Z] [INFO] ✅ Deployment triggered via GitHub Actions
[2025-07-27T16:31:24.619Z] [INFO] ✅ Phase completed: GitHub Pages Deployment (3015ms)
[2025-07-27T16:31:24.620Z] [INFO] 
🚀 Starting phase: Deployment Propagation
[2025-07-27T16:31:24.621Z] [INFO] Simulating deployment propagation...
[2025-07-27T16:31:24.621Z] [INFO] Waiting for deployment to propagate...
[2025-07-27T16:31:29.623Z] [INFO] Running: Site accessibility check
[2025-07-27T16:31:29.623Z] [INFO] Command: curl -f https://ggufloader.github.io
[2025-07-27T16:31:30.143Z] [INFO] ✅ Site accessibility check completed successfully
[2025-07-27T16:31:30.144Z] [INFO] ✅ Site is accessible
[2025-07-27T16:31:30.146Z] [INFO] ✅ Phase completed: Deployment Propagation (5525ms)
[2025-07-27T16:31:30.147Z] [INFO] 
🚀 Starting phase: Post-deployment Monitoring
[2025-07-27T16:31:30.148Z] [INFO] Simulating post-deployment monitoring...
[2025-07-27T16:31:30.148Z] [INFO] Running: Deployment monitoring
[2025-07-27T16:31:30.149Z] [INFO] Command: node scripts/monitor-deployment.js
[2025-07-27T16:31:32.152Z] [INFO] ✅ Deployment monitoring completed successfully
[2025-07-27T16:31:32.154Z] [INFO] Running: Performance monitoring
[2025-07-27T16:31:32.155Z] [INFO] Command: npm run monitor:performance
[2025-07-27T16:31:33.663Z] [INFO] ✅ Performance monitoring completed successfully
[2025-07-27T16:31:33.664Z] [INFO] Running: Testing https://ggufloader.github.io
[2025-07-27T16:31:33.664Z] [INFO] Command: curl -f "https://ggufloader.github.io"
[2025-07-27T16:31:33.974Z] [INFO] ✅ Testing https://ggufloader.github.io completed successfully
[2025-07-27T16:31:33.977Z] [INFO] Running: Testing https://ggufloader.github.io/docs/
[2025-07-27T16:31:33.979Z] [INFO] Command: curl -f "https://ggufloader.github.io/docs/"
[2025-07-27T16:31:34.283Z] [INFO] ✅ Testing https://ggufloader.github.io/docs/ completed successfully
[2025-07-27T16:31:34.285Z] [INFO] Running: Testing https://ggufloader.github.io/docs/installation/
[2025-07-27T16:31:34.286Z] [INFO] Command: curl -f "https://ggufloader.github.io/docs/installation/"
[2025-07-27T16:31:34.594Z] [INFO] ✅ Testing https://ggufloader.github.io/docs/installation/ completed successfully
[2025-07-27T16:31:34.596Z] [INFO] Running: Testing https://ggufloader.github.io/docs/quick-start/
[2025-07-27T16:31:34.598Z] [INFO] Command: curl -f "https://ggufloader.github.io/docs/quick-start/"
[2025-07-27T16:31:34.903Z] [INFO] ✅ Testing https://ggufloader.github.io/docs/quick-start/ completed successfully
[2025-07-27T16:31:34.906Z] [INFO] Running: Testing https://ggufloader.github.io/docs/addon-development/
[2025-07-27T16:31:34.908Z] [INFO] Command: curl -f "https://ggufloader.github.io/docs/addon-development/"
[2025-07-27T16:31:35.212Z] [INFO] ✅ Testing https://ggufloader.github.io/docs/addon-development/ completed successfully
[2025-07-27T16:31:35.214Z] [INFO] ✅ Post-deployment monitoring completed
[2025-07-27T16:31:35.214Z] [INFO] ✅ Phase completed: Post-deployment Monitoring (5067ms)
[2025-07-27T16:31:35.215Z] [INFO] 
🚀 Starting phase: Ongoing Monitoring Setup
[2025-07-27T16:31:35.215Z] [INFO] Setting up ongoing monitoring and maintenance...
[2025-07-27T16:31:35.217Z] [INFO] ✅ Ongoing monitoring and maintenance setup completed
[2025-07-27T16:31:35.217Z] [INFO] ✅ Phase completed: Ongoing Monitoring Setup (2ms)
[2025-07-27T16:31:35.217Z] [INFO] 
🚀 Starting phase: Report Generation
[2025-07-27T16:31:35.218Z] [INFO] Generating deployment report...
[2025-07-27T16:31:35.219Z] [INFO] ✅ Deployment report saved to C:\Users\MY-PC\Desktop\ggufloader.github.io-main\deployment-logs\deployment-report-1753633874512.json
[2025-07-27T16:31:35.219Z] [INFO] ✅ Phase completed: Report Generation (1ms)
[2025-07-27T16:31:35.219Z] [INFO] 🎉 Deployment simulation completed successfully!
